<?xml version="1.0" encoding="UTF-8"?>
<!-- Generated by org.testng.reporters.JUnitReportReporter -->
<testsuite hostname="DESKTOP-HF6SFHK" failures="0" tests="1" name="testCases.TC002_LoginTest" time="3.489" errors="0" timestamp="2025-07-12T03:05:13 IST" skipped="0">
  <testcase classname="testCases.TC002_LoginTest" name="verify_login" time="3.489"/>
</testsuite> <!-- testCases.TC002_LoginTest -->
