<?xml version="1.0" encoding="UTF-8"?>
<!-- Generated by org.testng.reporters.JUnitReportReporter -->
<testsuite hostname="DESKTOP-HF6SFHK" failures="0" tests="1" name="testCases.TC_AccountRegistrationTest" time="3.415" errors="0" timestamp="2025-07-12T02:58:22 IST" skipped="0">
  <testcase classname="testCases.TC_AccountRegistrationTest" name="verify_account_registration" time="3.415"/>
</testsuite> <!-- testCases.TC_AccountRegistrationTest -->
