<?xml version="1.0" encoding="UTF-8"?>
<!-- Generated by org.testng.reporters.JUnitReportReporter -->
<testsuite hostname="DESKTOP-HF6SFHK" failures="0" tests="1" name="testCases.TC_AccountRegistrationTest" time="3.801" errors="0" timestamp="2025-07-13T03:11:43 IST" skipped="0">
  <testcase classname="testCases.TC_AccountRegistrationTest" name="verify_account_registration" time="3.801"/>
</testsuite> <!-- testCases.TC_AccountRegistrationTest -->
